TN:
SF:src/_launch.sol
DA:24,0
FN:24,RocketLauncher.theme
FNDA:0,RocketLauncher.theme
DA:25,0
FNF:1
FNH:0
LF:2
LH:0
BRF:0
BRH:0
end_of_record
TN:
SF:src/_native.sol
DA:39,96
FN:39,ReentrancyGuard.nonReentrant
FNDA:96,ReentrancyGuard.nonReentrant
DA:41,96
BRDA:41,0,0,-
DA:44,96
DA:47,94
DA:245,89
FN:245,WrappedQRL.constructor
FNDA:89,WrappedQRL.constructor
DA:246,89
DA:247,89
DA:248,89
DA:249,89
DA:250,89
BRDA:250,0,0,51
DA:251,51
BRDA:251,1,0,-
BRDA:251,1,1,51
DA:252,51
DA:253,51
DA:254,51
DA:255,51
DA:256,51
DA:262,2
FN:262,WrappedQRL.lock
FNDA:2,WrappedQRL.lock
DA:263,2
BRDA:263,2,0,-
BRDA:263,2,1,2
DA:264,2
DA:265,2
DA:266,2
DA:269,1
FN:269,WrappedQRL.unlocksAt
FNDA:1,WrappedQRL.unlocksAt
DA:270,1
DA:274,1
FN:274,WrappedQRL.theme
FNDA:1,WrappedQRL.theme
DA:275,1
DA:280,23
FN:280,WrappedQRL.onlyController
FNDA:23,WrappedQRL.onlyController
DA:281,23
BRDA:281,3,0,1
BRDA:281,3,1,41
DA:286,105
FN:286,WrappedQRL.createProtocol
FNDA:105,WrappedQRL.createProtocol
DA:291,105
BRDA:291,4,0,2
BRDA:291,4,1,103
DA:292,103
BRDA:292,5,0,3
BRDA:292,5,1,100
DA:294,100
DA:295,100
DA:309,100
DA:310,100
DA:311,100
DA:313,100
DA:316,2
FN:316,WrappedQRL.signalProtocol
FNDA:2,WrappedQRL.signalProtocol
DA:320,1
DA:321,1
DA:324,8
FN:324,WrappedQRL.setMinStake
FNDA:8,WrappedQRL.setMinStake
DA:328,3
DA:329,3
DA:337,18
FN:337,WrappedQRL.addController
FNDA:18,WrappedQRL.addController
DA:341,17
BRDA:341,6,0,-
BRDA:341,6,1,17
DA:342,17
BRDA:342,7,0,7
BRDA:342,7,1,10
DA:343,10
DA:344,10
BRDA:344,8,0,1
BRDA:344,8,1,9
DA:346,9
DA:347,9
DA:348,9
DA:350,9
DA:354,2
FN:354,WrappedQRL.removeController
FNDA:2,WrappedQRL.removeController
DA:358,2
BRDA:358,9,0,-
BRDA:358,9,1,2
DA:359,2
BRDA:359,10,0,1
BRDA:359,10,1,1
DA:362,1
DA:363,1
DA:364,1
BRDA:364,11,0,1
DA:365,1
DA:366,1
DA:367,1
DA:370,1
DA:371,1
DA:373,1
DA:377,2
FN:377,WrappedQRL.swapController
FNDA:2,WrappedQRL.swapController
DA:382,2
BRDA:382,12,0,-
BRDA:382,12,1,2
DA:383,2
BRDA:383,13,0,1
BRDA:383,13,1,1
DA:384,1
BRDA:384,14,0,-
BRDA:384,14,1,1
DA:387,1
DA:388,1
DA:389,2
BRDA:389,15,0,1
DA:390,1
DA:391,1
DA:394,1
DA:395,1
DA:397,1
DA:398,1
DA:402,42
FN:402,WrappedQRL.signalHaircut
FNDA:42,WrappedQRL.signalHaircut
DA:406,41
BRDA:406,16,0,2
BRDA:406,16,1,39
DA:407,39
DA:408,39
BRDA:408,17,0,1
BRDA:408,17,1,38
DA:409,38
DA:410,38
DA:411,38
DA:414,23
FN:414,WrappedQRL.collectHaircut
FNDA:23,WrappedQRL.collectHaircut
DA:424,23
DA:425,23
BRDA:425,18,0,9
DA:426,9
DA:427,9
BRDA:427,19,0,-
BRDA:427,19,1,9
DA:428,9
DA:429,9
DA:430,9
DA:431,9
DA:435,35
FN:435,WrappedQRL.addYield
FNDA:35,WrappedQRL.addYield
DA:436,35
BRDA:436,20,0,1
BRDA:436,20,1,34
DA:437,34
DA:438,34
BRDA:438,21,0,1
BRDA:438,21,1,33
DA:439,33
DA:440,33
DA:441,33
BRDA:441,22,0,1
BRDA:441,22,1,32
DA:442,32
DA:443,32
DA:444,32
DA:445,32
DA:446,32
DA:447,32
DA:451,161
FN:451,WrappedQRL._checkCap
FNDA:161,WrappedQRL._checkCap
DA:452,161
BRDA:452,23,0,-
BRDA:452,23,1,160
DA:455,95
FN:455,WrappedQRL.deposit
FNDA:95,WrappedQRL.deposit
DA:456,96
BRDA:456,24,0,1
BRDA:456,24,1,95
DA:457,95
BRDA:457,25,0,-
BRDA:457,25,1,95
DA:458,95
DA:459,95
DA:460,94
DA:461,94
DA:462,94
DA:463,94
DA:466,1
FN:466,WrappedQRL.receive
FNDA:1,WrappedQRL.receive
DA:467,1
DA:482,32
FN:482,WrappedQRL._assertUnlocked
FNDA:32,WrappedQRL._assertUnlocked
DA:484,32
BRDA:484,26,0,5
DA:485,5
BRDA:485,27,0,2
BRDA:485,27,1,3
DA:489,30
DA:490,30
DA:491,226
DA:492,15
DA:493,15
BRDA:493,29,0,2
BRDA:493,29,1,13
DA:497,10
FN:497,WrappedQRL.withdraw
FNDA:10,WrappedQRL.withdraw
DA:498,10
BRDA:498,30,0,1
BRDA:498,30,1,9
DA:499,9
DA:500,9
DA:501,9
DA:502,7
BRDA:502,31,0,-
BRDA:502,31,1,7
DA:503,7
DA:504,4
DA:505,4
DA:506,4
DA:507,4
DA:508,4
DA:509,4
BRDA:509,32,0,-
BRDA:509,32,1,4
DA:513,1
FN:513,WrappedQRL.name
FNDA:1,WrappedQRL.name
DA:514,1
DA:517,1
FN:517,WrappedQRL.symbol
FNDA:1,WrappedQRL.symbol
DA:518,1
DA:521,1
FN:521,WrappedQRL.decimals
FNDA:1,WrappedQRL.decimals
DA:522,1
DA:525,43
FN:525,WrappedQRL.totalSupply
FNDA:43,WrappedQRL.totalSupply
DA:526,43
DA:529,48
FN:529,WrappedQRL.balanceOf
FNDA:48,WrappedQRL.balanceOf
DA:530,48
DA:533,5
FN:533,WrappedQRL.allowance
FNDA:5,WrappedQRL.allowance
DA:537,5
DA:541,24
FN:541,WrappedQRL.approve
FNDA:24,WrappedQRL.approve
DA:542,24
DA:543,24
DA:544,24
DA:547,3
FN:547,WrappedQRL.transferBatch
FNDA:3,WrappedQRL.transferBatch
DA:551,3
BRDA:551,33,0,1
BRDA:551,33,1,2
DA:552,2
DA:553,2
DA:554,3
DA:555,3
DA:557,1
DA:560,12
FN:560,WrappedQRL.transfer
FNDA:12,WrappedQRL.transfer
DA:564,12
DA:565,12
DA:566,12
DA:567,8
DA:570,4
FN:570,WrappedQRL.transferFromBatch
FNDA:4,WrappedQRL.transferFromBatch
DA:575,4
BRDA:575,34,0,1
BRDA:575,34,1,3
DA:577,3
DA:578,3
DA:579,3
DA:582,3
BRDA:582,35,0,-
BRDA:582,35,1,3
DA:583,3
DA:584,3
BRDA:584,36,0,1
BRDA:584,36,1,2
DA:585,2
BRDA:585,37,0,1
DA:586,1
DA:587,1
DA:590,2
DA:591,2
DA:592,4
DA:593,4
DA:595,2
DA:598,6
FN:598,WrappedQRL.transferFrom
FNDA:6,WrappedQRL.transferFrom
DA:603,6
DA:604,6
BRDA:604,38,0,1
BRDA:604,38,1,5
DA:605,5
BRDA:605,39,0,2
DA:606,2
DA:607,2
DA:609,5
DA:610,5
DA:611,5
DA:612,4
DA:618,3
FN:618,WrappedQRL.maxFlashLoan
FNDA:3,WrappedQRL.maxFlashLoan
DA:621,3
DA:625,1
FN:625,WrappedQRL.flashFee
FNDA:1,WrappedQRL.flashFee
DA:629,1
DA:648,11
FN:648,WrappedQRL.flashLoan
FNDA:11,WrappedQRL.flashLoan
DA:655,10
BRDA:655,40,0,1
BRDA:655,40,1,9
DA:656,9
DA:658,9
BRDA:658,41,0,1
BRDA:658,41,1,8
DA:659,8
BRDA:659,42,0,1
BRDA:659,42,1,7
DA:660,7
BRDA:660,43,0,1
BRDA:660,43,1,6
DA:663,6
DA:664,6
DA:667,6
DA:668,6
BRDA:668,44,0,1
BRDA:668,44,1,4
DA:671,4
DA:672,4
BRDA:672,45,0,1
BRDA:672,45,1,3
DA:674,3
DA:675,3
DA:677,3
DA:678,3
BRDA:678,46,0,-
BRDA:678,46,1,3
DA:679,3
DA:681,3
DA:726,80
FN:726,WrappedQRL.setMembership
FNDA:80,WrappedQRL.setMembership
DA:730,80
DA:732,80
DA:733,80
DA:735,80
DA:738,80
DA:739,640
DA:741,12
DA:743,12
BRDA:743,48,0,1
BRDA:743,48,1,11
DA:744,1
DA:746,11
DA:751,80
DA:752,620
DA:753,620
DA:754,114
BRDA:754,50,0,1
BRDA:754,50,1,113
DA:755,113
BRDA:755,51,0,2
BRDA:755,51,1,111
DA:756,111
DA:760,77
DA:761,77
DA:762,609
DA:763,609
DA:764,110
DA:765,109
DA:774,733
FN:774,WrappedQRL._memPtr
FNDA:733,WrappedQRL._memPtr
DA:778,733
DA:781,722
FN:781,WrappedQRL._member
FNDA:722,WrappedQRL._member
DA:785,722
DA:788,11
FN:788,WrappedQRL._clearSlot
FNDA:11,WrappedQRL._clearSlot
DA:789,11
BRDA:789,53,0,7
BRDA:789,53,1,4
DA:790,4
DA:793,77
FN:793,WrappedQRL._countBits
FNDA:77,WrappedQRL._countBits
DA:794,77
DA:798,110
FN:798,WrappedQRL._joinPid
FNDA:110,WrappedQRL._joinPid
DA:799,110
DA:800,110
BRDA:800,54,0,1
BRDA:800,54,1,109
DA:803,109
DA:804,235
DA:805,109
BRDA:805,56,0,-
BRDA:805,56,1,109
DA:807,109
BRDA:807,57,0,71
DA:808,71
DA:809,71
DA:811,109
BRDA:811,58,0,5
DA:812,5
DA:813,5
DA:816,109
DA:818,109
DA:819,109
DA:820,109
DA:822,109
DA:823,109
BRDA:823,59,0,92
BRDA:823,59,1,17
DA:824,17
DA:826,109
DA:827,109
DA:828,109
DA:831,11
FN:831,WrappedQRL._leaveSlot
FNDA:11,WrappedQRL._leaveSlot
DA:832,11
DA:833,11
DA:834,11
DA:835,11
DA:836,11
BRDA:836,60,0,-
BRDA:836,60,1,11
DA:837,11
DA:838,11
DA:839,11
DA:840,11
DA:841,11
DA:842,11
DA:860,280
FN:860,WrappedQRL._propagate
FNDA:280,WrappedQRL._propagate
DA:861,280
DA:863,270
DA:866,270
DA:867,2160
DA:869,84
DA:870,84
DA:871,84
DA:873,84
BRDA:873,63,0,49
BRDA:873,63,1,35
DA:875,49
DA:877,49
DA:878,49
DA:880,49
DA:885,35
DA:888,35
BRDA:888,64,0,-
BRDA:888,64,1,35
DA:889,35
BRDA:889,65,0,-
BRDA:889,65,1,35
DA:890,35
BRDA:890,66,0,-
BRDA:890,66,1,35
DA:892,35
DA:893,35
DA:895,35
DA:914,23
FN:914,WrappedQRL.forceHarvest
FNDA:23,WrappedQRL.forceHarvest
DA:915,23
DA:916,23
DA:917,25
DA:919,25
BRDA:919,67,0,-
BRDA:919,67,1,25
DA:920,25
DA:929,84
FN:929,WrappedQRL._aggYield
FNDA:84,WrappedQRL._aggYield
DA:934,84
DA:938,84
DA:939,117
DA:940,117
DA:941,117
DA:943,117
BRDA:943,68,0,34
DA:944,34
DA:945,34
DA:946,34
BRDA:946,69,0,-
DA:947,34
BRDA:947,70,0,34
DA:948,34
DA:949,34
DA:950,34
DA:956,84
DA:981,84
FN:981,WrappedQRL._calcHaircuts
FNDA:84,WrappedQRL._calcHaircuts
DA:989,84
DA:990,117
DA:991,117
DA:992,117
DA:993,117
DA:996,117
DA:997,117
BRDA:997,71,0,16
DA:998,16
DA:999,16
DA:1002,16
BRDA:1002,72,0,16
DA:1003,16
DA:1004,16
BRDA:1004,73,0,1
DA:1009,117
BRDA:1009,74,0,16
DA:1010,16
DA:1011,16
DA:1012,16
DA:1014,16
DA:1016,16
DA:1017,21
DA:1096,286
FN:1096,WrappedQRL._harvest
FNDA:286,WrappedQRL._harvest
DA:1097,286
DA:1098,286
BRDA:1098,75,0,104
DA:1099,104
DA:1100,104
DA:1104,182
DA:1106,182
DA:1107,182
BRDA:1107,76,0,117
DA:1109,182
BRDA:1109,77,0,98
DA:1110,98
DA:1111,98
DA:1114,84
DA:1115,84
DA:1117,84
DA:1118,84
DA:1119,672
BRDA:1119,78,0,117
DA:1120,117
DA:1121,117
DA:1122,117
DA:1127,84
DA:1128,84
BRDA:1128,79,0,13
DA:1130,13
DA:1134,84
DA:1135,84
DA:1136,84
DA:1140,84
DA:1141,117
DA:1143,17
DA:1145,17
BRDA:1145,81,0,17
DA:1146,17
DA:1147,17
BRDA:1147,82,0,-
BRDA:1147,82,1,17
DA:1148,17
DA:1153,17
BRDA:1153,83,0,16
DA:1158,84
DA:1161,569
FN:1161,WrappedQRL._refreshSnap
FNDA:569,WrappedQRL._refreshSnap
DA:1162,569
DA:1163,569
DA:1164,4552
DA:1165,210
DA:1166,210
DA:1167,210
DA:1168,210
DA:1169,210
DA:1170,210
DA:1171,210
DA:1176,57
FN:1176,WrappedQRL._enforceMinStake
FNDA:57,WrappedQRL._enforceMinStake
DA:1177,57
DA:1178,57
DA:1179,57
DA:1180,435
BRDA:1180,85,0,42
DA:1181,42
DA:1182,42
BRDA:1182,86,0,3
BRDA:1182,86,1,39
DA:1187,24
FN:1187,WrappedQRL._xfer
FNDA:24,WrappedQRL._xfer
DA:1188,24
BRDA:1188,87,0,1
BRDA:1188,87,1,23
DA:1189,23
DA:1191,23
DA:1192,21
BRDA:1192,88,0,3
BRDA:1192,88,1,18
DA:1193,18
DA:1194,18
DA:1195,18
DA:1196,18
DA:1199,223
FN:1199,WrappedQRL._addBal
FNDA:223,WrappedQRL._addBal
DA:1200,223
DA:1201,223
DA:1202,223
DA:1203,223
DA:1206,57
FN:1206,WrappedQRL._subBal
FNDA:57,WrappedQRL._subBal
DA:1207,57
DA:1208,57
DA:1209,57
DA:1210,57
DA:1213,15
FN:1213,WrappedQRL._mint
FNDA:15,WrappedQRL._mint
DA:1214,15
DA:1215,15
DA:1216,15
DA:1217,15
DA:1220,3
FN:1220,WrappedQRL._burn
FNDA:3,WrappedQRL._burn
DA:1221,3
DA:1222,3
DA:1223,3
DA:1227,109
FN:1227,WrappedQRL._allocRes
FNDA:109,WrappedQRL._allocRes
DA:1228,109
BRDA:1228,89,0,2
BRDA:1228,89,1,2
DA:1229,2
DA:1230,2
DA:1231,2
DA:1233,107
DA:1234,107
DA:1238,11
FN:1238,WrappedQRL._recycleRes
FNDA:11,WrappedQRL._recycleRes
DA:1239,11
BRDA:1239,90,0,11
DA:1240,11
DA:1241,11
DA:1242,11
DA:1246,109
FN:1246,WrappedQRL._allocMem
FNDA:109,WrappedQRL._allocMem
DA:1247,109
BRDA:1247,91,0,2
BRDA:1247,91,1,2
DA:1248,2
DA:1249,2
DA:1250,2
DA:1252,107
DA:1253,107
DA:1257,11
FN:1257,WrappedQRL._recycleMem
FNDA:11,WrappedQRL._recycleMem
DA:1258,11
BRDA:1258,92,0,11
DA:1259,11
DA:1260,11
DA:1261,11
DA:1266,9
FN:1266,WrappedQRL._hasMembership
FNDA:9,WrappedQRL._hasMembership
DA:1267,9
DA:1271,1
FN:1271,WrappedQRL.protocolCount
FNDA:1,WrappedQRL.protocolCount
DA:1272,1
DA:1275,10
FN:1275,WrappedQRL.protocolInfo
FNDA:10,WrappedQRL.protocolInfo
DA:1291,10
DA:1292,10
DA:1304,5
FN:1304,WrappedQRL.accountInfo
FNDA:5,WrappedQRL.accountInfo
DA:1307,5
DA:1308,5
DA:1309,5
DA:1310,40
BRDA:1310,93,0,4
DA:1311,5
DA:1314,6
FN:1314,WrappedQRL.memberInfo
FNDA:6,WrappedQRL.memberInfo
DA:1318,6
BRDA:1318,94,0,1
BRDA:1318,94,1,5
DA:1319,5
DA:1320,5
BRDA:1320,95,0,1
BRDA:1320,95,1,4
DA:1321,4
DA:1322,4
DA:1323,4
DA:1326,2
FN:1326,WrappedQRL.reservedInfo
FNDA:2,WrappedQRL.reservedInfo
DA:1329,2
DA:1330,2
DA:1333,4
FN:1333,WrappedQRL.freeLists
FNDA:4,WrappedQRL.freeLists
DA:1334,4
FNF:64
FNH:64
LF:471
LH:471
BRF:148
BRH:126
end_of_record
TN:
SF:src/_raiser.sol
DA:11,0
FN:11,ReentrancyGuard.nonReentrant
FNDA:0,ReentrancyGuard.nonReentrant
DA:12,0
BRDA:12,0,0,-
BRDA:12,0,1,-
DA:13,0
DA:15,0
DA:93,0
FN:93,Crowdsaler.createCrowdsale
FNDA:0,Crowdsaler.createCrowdsale
DA:101,0
BRDA:101,0,0,-
BRDA:101,0,1,-
DA:102,0
BRDA:102,1,0,-
BRDA:102,1,1,-
DA:104,0
BRDA:104,2,0,-
BRDA:104,2,1,-
DA:108,0
DA:121,0
DA:130,0
DA:159,0
FN:159,Crowdsaler.enterCrowdsale
FNDA:0,Crowdsaler.enterCrowdsale
DA:161,0
BRDA:161,3,0,-
BRDA:161,3,1,-
DA:162,0
BRDA:162,4,0,-
BRDA:162,4,1,-
DA:164,0
DA:165,0
BRDA:165,5,0,-
BRDA:165,5,1,-
DA:169,0
BRDA:169,6,0,-
BRDA:169,6,1,-
DA:172,0
DA:173,0
DA:177,0
BRDA:177,7,0,-
BRDA:177,7,1,-
DA:181,0
DA:184,0
FN:184,Crowdsaler.quoteContributions
FNDA:0,Crowdsaler.quoteContributions
DA:188,0
BRDA:188,8,0,-
BRDA:188,8,1,-
DA:189,0
DA:190,0
DA:191,0
BRDA:191,9,0,-
DA:192,0
DA:194,0
DA:219,0
FN:219,Crowdsaler.withdrawContributions
FNDA:0,Crowdsaler.withdrawContributions
DA:221,0
BRDA:221,10,0,-
BRDA:221,10,1,-
DA:223,0
DA:224,0
BRDA:224,11,0,-
BRDA:224,11,1,-
DA:226,0
DA:227,0
BRDA:227,12,0,-
BRDA:227,12,1,-
DA:230,0
DA:231,0
DA:234,0
BRDA:234,13,0,-
BRDA:234,13,1,-
DA:236,0
DA:239,0
FN:239,Crowdsaler.claimContributions
FNDA:0,Crowdsaler.claimContributions
DA:240,0
BRDA:240,14,0,-
BRDA:240,14,1,-
DA:241,0
DA:242,0
BRDA:242,15,0,-
BRDA:242,15,1,-
DA:243,0
BRDA:243,16,0,-
BRDA:243,16,1,-
DA:245,0
DA:246,0
BRDA:246,17,0,-
BRDA:246,17,1,-
DA:247,0
DA:248,0
BRDA:248,18,0,-
DA:250,0
DA:251,0
BRDA:251,19,0,-
BRDA:251,19,1,-
DA:252,0
DA:253,0
DA:255,0
BRDA:255,20,0,-
BRDA:255,20,1,-
DA:256,0
DA:257,0
DA:259,0
DA:260,0
BRDA:260,21,0,-
BRDA:260,22,0,-
BRDA:260,22,1,-
DA:261,0
DA:265,0
FN:265,Crowdsaler.claimCrowdsaleFunds
FNDA:0,Crowdsaler.claimCrowdsaleFunds
DA:266,0
BRDA:266,23,0,-
BRDA:266,23,1,-
DA:267,0
DA:268,0
BRDA:268,24,0,-
BRDA:268,24,1,-
DA:269,0
BRDA:269,25,0,-
BRDA:269,25,1,-
DA:270,0
BRDA:270,26,0,-
BRDA:270,26,1,-
DA:272,0
DA:273,0
BRDA:273,27,0,-
BRDA:273,27,1,-
DA:274,0
DA:275,0
DA:276,0
BRDA:276,28,0,-
DA:277,0
DA:279,0
DA:280,0
DA:281,0
BRDA:281,29,0,-
DA:284,0
DA:289,0
FN:289,Crowdsaler.withdrawDust
FNDA:0,Crowdsaler.withdrawDust
DA:290,0
BRDA:290,30,0,-
BRDA:290,30,1,-
DA:291,0
DA:292,0
BRDA:292,31,0,-
BRDA:292,31,1,-
DA:293,0
BRDA:293,32,0,-
BRDA:293,32,1,-
DA:294,0
BRDA:294,33,0,-
BRDA:294,33,1,-
DA:295,0
BRDA:295,34,0,-
BRDA:295,34,1,-
DA:297,0
DA:298,0
BRDA:298,35,0,-
BRDA:298,35,1,-
DA:299,0
DA:301,0
FNF:8
FNH:0
LF:84
LH:0
BRF:69
BRH:0
end_of_record
TN:
SF:src/_simple.sol
DA:64,131
FN:64,ReentrancyGuard.nonReentrant
FNDA:131,ReentrancyGuard.nonReentrant
DA:65,131
BRDA:65,0,0,-
DA:66,131
DA:68,125
DA:188,78
FN:188,WrappedQRL.constructor
FNDA:78,WrappedQRL.constructor
DA:189,78
BRDA:189,0,0,77
DA:190,77
DA:199,1
FN:199,WrappedQRL.theme
FNDA:1,WrappedQRL.theme
DA:200,1
DA:213,19
FN:213,WrappedQRL.lock
FNDA:19,WrappedQRL.lock
DA:216,19
BRDA:216,1,0,2
DA:219,17
DA:220,17
DA:223,17
BRDA:223,2,0,3
BRDA:223,2,1,2
DA:225,3
DA:226,3
BRDA:226,3,0,1
DA:227,1
DA:229,2
DA:230,2
DA:233,14
DA:234,14
DA:235,14
DA:245,12
FN:245,WrappedQRL.unlocksAt
FNDA:12,WrappedQRL.unlocksAt
DA:246,12
DA:273,130
FN:273,WrappedQRL.deposit
FNDA:130,WrappedQRL.deposit
DA:275,131
BRDA:275,4,0,2
DA:279,129
DA:282,129
DA:285,125
DA:286,125
BRDA:286,5,0,3
DA:287,3
DA:288,3
BRDA:288,6,0,-
DA:292,125
DA:300,1
FN:300,WrappedQRL.receive
FNDA:1,WrappedQRL.receive
DA:301,1
DA:334,9
FN:334,WrappedQRL.withdraw
FNDA:9,WrappedQRL.withdraw
DA:336,8
DA:339,7
BRDA:339,7,0,1
DA:342,6
DA:343,6
BRDA:343,8,0,1
DA:346,5
DA:349,5
DA:350,5
DA:351,5
BRDA:351,9,0,2
DA:354,3
DA:359,1
FN:359,WrappedQRL.name
FNDA:1,WrappedQRL.name
DA:360,1
DA:363,1
FN:363,WrappedQRL.symbol
FNDA:1,WrappedQRL.symbol
DA:364,1
DA:367,1
FN:367,WrappedQRL.decimals
FNDA:1,WrappedQRL.decimals
DA:368,1
DA:371,11
FN:371,WrappedQRL.totalSupply
FNDA:11,WrappedQRL.totalSupply
DA:372,11
DA:380,40
FN:380,WrappedQRL.balanceOf
FNDA:40,WrappedQRL.balanceOf
DA:381,40
DA:390,15
FN:390,WrappedQRL.allowance
FNDA:15,WrappedQRL.allowance
DA:394,15
DA:406,19
FN:406,WrappedQRL.approve
FNDA:19,WrappedQRL.approve
DA:407,19
DA:408,19
DA:409,19
DA:440,12
FN:440,WrappedQRL.transfer
FNDA:12,WrappedQRL.transfer
DA:444,12
DA:445,10
DA:446,7
DA:479,12
FN:479,WrappedQRL.transferFrom
FNDA:12,WrappedQRL.transferFrom
DA:484,12
DA:485,11
DA:486,10
DA:487,10
DA:516,10
FN:516,WrappedQRL.transferBatch
FNDA:10,WrappedQRL.transferBatch
DA:521,10
BRDA:521,10,0,2
DA:524,8
DA:527,7
DA:528,7
DA:529,7
DA:530,10
DA:531,10
BRDA:531,11,0,1
DA:532,9
DA:534,9
DA:537,6
DA:540,6
DA:541,6
DA:542,1
BRDA:542,12,0,1
DA:546,5
DA:550,5
DA:551,7
DA:552,7
DA:553,7
BRDA:553,13,0,1
DA:556,6
DA:559,6
DA:561,6
DA:564,4
DA:592,10
FN:592,WrappedQRL.transferFromBatch
FNDA:10,WrappedQRL.transferFromBatch
DA:598,10
BRDA:598,14,0,2
DA:601,8
DA:604,7
DA:605,7
DA:606,7
DA:607,10
DA:608,10
BRDA:608,15,0,1
DA:609,9
DA:611,9
DA:614,6
DA:617,6
DA:620,5
DA:621,5
DA:622,1
BRDA:622,16,0,1
DA:626,4
DA:630,4
DA:631,5
DA:632,5
DA:633,5
BRDA:633,17,0,1
DA:636,4
DA:638,4
DA:640,4
DA:643,3
DA:660,20
FN:660,WrappedQRL._xfer
FNDA:20,WrappedQRL._xfer
DA:661,20
BRDA:661,18,0,2
DA:663,18
DA:664,18
BRDA:664,19,0,1
DA:667,17
DA:668,17
DA:670,17
DA:689,17
FN:689,WrappedQRL._spendAllowance
FNDA:17,WrappedQRL._spendAllowance
DA:690,17
DA:691,17
BRDA:691,20,0,2
DA:694,15
BRDA:694,21,0,10
DA:695,10
DA:696,10
DA:697,10
DA:712,129
FN:712,WrappedQRL._mint
FNDA:129,WrappedQRL._mint
DA:713,129
DA:714,125
DA:715,125
DA:716,125
DA:717,125
DA:731,5
FN:731,WrappedQRL._burn
FNDA:5,WrappedQRL._burn
DA:732,5
DA:733,5
BRDA:733,22,0,-
DA:735,5
DA:736,5
DA:738,5
DA:750,48
FN:750,WrappedQRL._assertUnlocked
FNDA:48,WrappedQRL._assertUnlocked
DA:751,48
DA:752,48
BRDA:752,23,0,6
DA:762,129
FN:762,WrappedQRL._checkCap
FNDA:129,WrappedQRL._checkCap
DA:763,129
DA:764,4
BRDA:764,24,0,4
FNF:25
FNH:25
LF:149
LH:149
BRF:27
BRH:24
end_of_record
TN:
SF:src/_token.sol
DA:52,0
FN:52,TradesPerDayToken.constructor
FNDA:0,TradesPerDayToken.constructor
DA:54,0
DA:55,0
DA:56,0
DA:59,0
BRDA:59,0,0,-
DA:60,0
DA:61,0
DA:62,0
DA:67,0
FN:67,TradesPerDayToken.theme
FNDA:0,TradesPerDayToken.theme
DA:68,0
DA:72,0
FN:72,TradesPerDayToken.name
FNDA:0,TradesPerDayToken.name
DA:73,0
FN:73,TradesPerDayToken.symbol
FNDA:0,TradesPerDayToken.symbol
DA:74,0
FN:74,TradesPerDayToken.decimals
FNDA:0,TradesPerDayToken.decimals
DA:75,0
FN:75,TradesPerDayToken.totalSupply
FNDA:0,TradesPerDayToken.totalSupply
DA:78,0
FN:78,TradesPerDayToken.balanceOf
FNDA:0,TradesPerDayToken.balanceOf
DA:79,0
FN:79,TradesPerDayToken.allowance
FNDA:0,TradesPerDayToken.allowance
DA:82,0
FN:82,TradesPerDayToken.onlyAdmin
FNDA:0,TradesPerDayToken.onlyAdmin
DA:83,0
BRDA:83,1,0,-
BRDA:83,1,1,-
DA:92,0
FN:92,TradesPerDayToken.transfer
FNDA:0,TradesPerDayToken.transfer
DA:93,0
DA:94,0
DA:101,0
FN:101,TradesPerDayToken.approve
FNDA:0,TradesPerDayToken.approve
DA:102,0
DA:103,0
DA:104,0
DA:110,0
FN:110,TradesPerDayToken.transferFrom
FNDA:0,TradesPerDayToken.transferFrom
DA:112,0
DA:113,0
BRDA:113,2,0,-
DA:114,0
BRDA:114,3,0,-
BRDA:114,3,1,-
DA:115,0
DA:116,0
DA:118,0
DA:119,0
DA:123,0
FN:123,TradesPerDayToken._move
FNDA:0,TradesPerDayToken._move
DA:124,0
BRDA:124,4,0,-
BRDA:124,4,1,-
DA:125,0
DA:126,0
DA:127,0
BRDA:127,5,0,-
BRDA:127,5,1,-
DA:129,0
DA:130,0
DA:132,0
DA:145,0
FN:145,TradesPerDayToken.lock
FNDA:0,TradesPerDayToken.lock
DA:146,0
BRDA:146,6,0,-
BRDA:146,6,1,-
DA:147,0
BRDA:147,7,0,-
BRDA:147,7,1,-
DA:149,0
DA:150,0
DA:151,0
DA:152,0
BRDA:152,8,0,-
BRDA:152,8,1,-
DA:153,0
DA:154,0
DA:155,0
DA:159,0
FN:159,TradesPerDayToken.lockedBalanceOf
FNDA:0,TradesPerDayToken.lockedBalanceOf
DA:160,0
DA:161,0
DA:166,0
FN:166,TradesPerDayToken.addAdmin
FNDA:0,TradesPerDayToken.addAdmin
DA:167,0
BRDA:167,9,0,-
BRDA:167,9,1,-
DA:168,0
DA:169,0
DA:170,0
DA:174,0
FN:174,TradesPerDayToken.removeAdmin
FNDA:0,TradesPerDayToken.removeAdmin
DA:175,0
BRDA:175,10,0,-
BRDA:175,10,1,-
DA:176,0
BRDA:176,11,0,-
BRDA:176,11,1,-
DA:177,0
DA:178,0
DA:179,0
DA:183,0
FN:183,TradesPerDayToken.swapAdmin
FNDA:0,TradesPerDayToken.swapAdmin
DA:184,0
BRDA:184,12,0,-
BRDA:184,12,1,-
DA:185,0
BRDA:185,13,0,-
BRDA:185,13,1,-
DA:186,0
DA:187,0
DA:188,0
DA:191,0
FN:191,TradesPerDayToken.getAdminCount
FNDA:0,TradesPerDayToken.getAdminCount
DA:194,0
FN:194,TradesPerDayToken.transferBatch
FNDA:0,TradesPerDayToken.transferBatch
DA:195,0
DA:196,0
DA:199,0
FN:199,TradesPerDayToken.transferFromBatch
FNDA:0,TradesPerDayToken.transferFromBatch
DA:200,0
DA:201,0
DA:205,0
FN:205,TradesPerDayToken._transferFromBatch
FNDA:0,TradesPerDayToken._transferFromBatch
DA:206,0
DA:207,0
BRDA:207,14,0,-
BRDA:207,14,1,-
DA:209,0
DA:210,0
DA:212,0
DA:213,0
DA:214,0
BRDA:214,15,0,-
DA:215,0
BRDA:215,16,0,-
BRDA:215,16,1,-
DA:216,0
DA:218,0
DA:221,0
BRDA:221,17,0,-
DA:222,0
DA:223,0
DA:228,0
FN:228,TradesPerDayToken._curWin
FNDA:0,TradesPerDayToken._curWin
DA:230,0
FNF:23
FNH:0
LF:94
LH:0
BRF:32
BRH:0
end_of_record
TN:
SF:src/_utility.sol
DA:68,55
FN:68,StandardUtilityToken.constructor
FNDA:55,StandardUtilityToken.constructor
DA:76,55
BRDA:76,0,0,1
DA:78,54
DA:79,54
DA:80,54
DA:81,54
DA:83,54
DA:84,54
DA:85,54
DA:89,20
FN:89,StandardUtilityToken.setLocker
FNDA:20,StandardUtilityToken.setLocker
DA:90,20
BRDA:90,1,0,1
DA:91,19
DA:92,19
DA:95,7
FN:95,StandardUtilityToken.isLocker
FNDA:7,StandardUtilityToken.isLocker
DA:99,7
DA:103,13
FN:103,StandardUtilityToken.lock
FNDA:13,StandardUtilityToken.lock
DA:104,13
DA:105,1
BRDA:105,2,0,1
DA:107,12
DA:108,12
DA:110,12
BRDA:110,3,0,1
DA:112,1
DA:113,1
DA:116,12
DA:117,12
BRDA:117,4,0,1
DA:119,11
DA:120,11
DA:124,3
FN:124,StandardUtilityToken.totalSupply
FNDA:3,StandardUtilityToken.totalSupply
DA:125,3
DA:127,21
FN:127,StandardUtilityToken.balanceOf
FNDA:21,StandardUtilityToken.balanceOf
DA:128,21
DA:140,10
FN:140,StandardUtilityToken.balanceOfLocked
FNDA:10,StandardUtilityToken.balanceOfLocked
DA:141,10
DA:144,10
DA:148,10
DA:150,9
FN:150,StandardUtilityToken.allowance
FNDA:9,StandardUtilityToken.allowance
DA:154,9
DA:156,2
FN:156,StandardUtilityToken.name
FNDA:2,StandardUtilityToken.name
DA:157,2
DA:159,2
FN:159,StandardUtilityToken.symbol
FNDA:2,StandardUtilityToken.symbol
DA:160,2
DA:162,2
FN:162,StandardUtilityToken.decimals
FNDA:2,StandardUtilityToken.decimals
DA:163,2
DA:169,17
FN:169,StandardUtilityToken.approve
FNDA:17,StandardUtilityToken.approve
DA:170,17
BRDA:170,5,0,1
DA:171,16
DA:172,16
DA:173,16
DA:177,168
FN:177,StandardUtilityToken.transfer
FNDA:168,StandardUtilityToken.transfer
DA:178,168
DA:179,166
DA:182,5
FN:182,StandardUtilityToken.transferFrom
FNDA:5,StandardUtilityToken.transferFrom
DA:187,5
DA:188,4
DA:189,2
DA:193,6
FN:193,StandardUtilityToken.transferBatch
FNDA:6,StandardUtilityToken.transferBatch
DA:197,6
DA:198,6
BRDA:198,6,0,1
DA:200,5
DA:201,5
DA:202,9
DA:204,9
DA:207,5
BRDA:207,7,0,1
DA:209,4
DA:211,3
DA:212,6
DA:213,5
DA:215,5
DA:218,2
DA:221,8
FN:221,StandardUtilityToken.transferFromBatch
FNDA:8,StandardUtilityToken.transferFromBatch
DA:226,8
DA:227,8
BRDA:227,8,0,1
DA:229,7
DA:230,7
DA:231,12
DA:233,12
DA:236,7
BRDA:236,9,0,1
DA:238,6
DA:239,6
DA:240,5
DA:242,4
DA:243,8
DA:244,7
DA:246,7
DA:249,3
DA:253,181
FN:253,StandardUtilityToken._currentUnlocked
FNDA:181,StandardUtilityToken._currentUnlocked
DA:256,181
DA:257,181
DA:260,181
FN:260,StandardUtilityToken._debited
FNDA:181,StandardUtilityToken._debited
DA:261,181
DA:262,181
DA:263,181
BRDA:263,10,0,4
DA:265,177
DA:269,184
FN:269,StandardUtilityToken._credited
FNDA:184,StandardUtilityToken._credited
DA:270,184
BRDA:270,11,0,4
DA:272,180
DA:276,172
FN:276,StandardUtilityToken._xfer
FNDA:172,StandardUtilityToken._xfer
DA:277,172
DA:278,170
DA:279,168
DA:282,11
FN:282,StandardUtilityToken._spendAllowance
FNDA:11,StandardUtilityToken._spendAllowance
DA:283,11
DA:284,11
BRDA:284,12,0,2
DA:285,9
BRDA:285,13,0,7
DA:286,7
DA:287,7
DA:303,3
FN:303,UtilityTokenDeployer.create
FNDA:3,UtilityTokenDeployer.create
DA:311,3
BRDA:311,0,0,1
DA:313,2
DA:321,1
FNF:22
FNH:22
LF:110
LH:110
BRF:15
BRH:15
end_of_record
TN:
SF:src/_wrapper.sol
DA:37,0
FN:37,WQ.receive
FNDA:0,WQ.receive
DA:47,0
FN:47,WQ.deposit
FNDA:0,WQ.deposit
DA:48,0
DA:49,0
DA:50,0
DA:52,0
BRDA:52,0,0,-
DA:55,0
DA:56,0
BRDA:56,1,0,-
BRDA:56,1,1,-
DA:59,0
BRDA:59,2,0,-
DA:60,0
DA:61,0
DA:62,0
DA:74,0
FN:74,WQ.withdraw
FNDA:0,WQ.withdraw
DA:75,0
DA:76,0
BRDA:76,3,0,-
BRDA:76,3,1,-
DA:78,0
DA:79,0
DA:80,0
DA:82,0
DA:84,0
DA:85,0
BRDA:85,4,0,-
BRDA:85,4,1,-
DA:93,0
FN:93,WQ.totalSupply
FNDA:0,WQ.totalSupply
DA:94,0
DA:101,0
FN:101,WQ.approve
FNDA:0,WQ.approve
DA:102,0
DA:103,0
DA:104,0
DA:134,0
FN:134,WQ.transferBatch
FNDA:0,WQ.transferBatch
DA:139,0
DA:140,0
BRDA:140,5,0,-
BRDA:140,5,1,-
DA:143,0
DA:145,0
BRDA:145,6,0,-
BRDA:145,6,1,-
DA:151,0
DA:154,0
FN:154,WQ.transfer
FNDA:0,WQ.transfer
DA:155,0
DA:179,0
FN:179,WQ.transferFromBatch
FNDA:0,WQ.transferFromBatch
DA:185,0
DA:186,0
BRDA:186,7,0,-
BRDA:186,7,1,-
DA:188,0
DA:189,0
BRDA:189,8,0,-
BRDA:189,8,1,-
DA:194,0
DA:197,0
FN:197,WQ.transferFrom
FNDA:0,WQ.transferFrom
DA:202,0
BRDA:202,9,0,-
BRDA:202,9,1,-
DA:204,0
BRDA:204,10,0,-
DA:205,0
DA:206,0
BRDA:206,11,0,-
BRDA:206,11,1,-
DA:207,0
DA:208,0
DA:211,0
DA:212,0
DA:213,0
DA:214,0
FNF:9
FNH:0
LF:52
LH:0
BRF:21
BRH:0
end_of_record
TN:
SF:test/SimpleTokenCore.t.sol
DA:34,1
FN:34,_BadRecv.constructor
FNDA:1,_BadRecv.constructor
DA:35,1
DA:39,1
FN:39,_BadRecv.trigger
FNDA:1,_BadRecv.trigger
DA:40,1
DA:41,1
DA:43,1
FN:43,_BadRecv.receive
FNDA:1,_BadRecv.receive
DA:44,1
DA:56,1
FN:56,Reenterer.constructor
FNDA:1,Reenterer.constructor
DA:57,1
DA:60,1
FN:60,Reenterer.arm
FNDA:1,Reenterer.arm
DA:61,1
DA:65,1
FN:65,Reenterer.prime
FNDA:1,Reenterer.prime
DA:66,1
DA:70,1
FN:70,Reenterer.attack
FNDA:1,Reenterer.attack
DA:71,1
DA:74,1
FN:74,Reenterer.receive
FNDA:1,Reenterer.receive
DA:75,1
BRDA:75,0,0,1
DA:76,1
DA:77,1
FNF:8
FNH:8
LF:19
LH:19
BRF:1
BRH:1
end_of_record
TN:
SF:test/WrapperTokenBranches2.t.sol
DA:16,1
FN:16,SimpleBorrower.constructor
FNDA:1,SimpleBorrower.constructor
DA:17,0
FN:17,SimpleBorrower.onFlashLoan
FNDA:0,SimpleBorrower.onFlashLoan
DA:24,0
DA:25,0
DA:32,1
FN:32,ReentrantBorrower.constructor
FNDA:1,ReentrantBorrower.constructor
DA:33,1
FN:33,ReentrantBorrower.onFlashLoan
FNDA:1,ReentrantBorrower.onFlashLoan
DA:40,1
DA:41,0
DA:48,1
FN:48,BorrowerPreAllow.constructor
FNDA:1,BorrowerPreAllow.constructor
DA:49,1
FN:49,BorrowerPreAllow.kick
FNDA:1,BorrowerPreAllow.kick
DA:50,1
DA:51,1
DA:53,0
FN:53,BorrowerPreAllow.onFlashLoan
FNDA:0,BorrowerPreAllow.onFlashLoan
DA:60,0
DA:61,0
FNF:7
FNH:5
LF:15
LH:8
BRF:0
BRH:0
end_of_record
TN:
SF:test/WrapperTokenBranches4.t.sol
DA:16,1
FN:16,WrongMagicBorrower.onFlashLoan
FNDA:1,WrongMagicBorrower.onFlashLoan
DA:19,1
DA:24,1
FN:24,NoRepayBorrower.onFlashLoan
FNDA:1,NoRepayBorrower.onFlashLoan
DA:27,1
FNF:2
FNH:2
LF:4
LH:4
BRF:0
BRH:0
end_of_record
TN:
SF:test/WrapperTokenCore.t.sol
DA:16,2
FN:16,FlashBorrower.constructor
FNDA:2,FlashBorrower.constructor
DA:19,1
FN:19,FlashBorrower.onFlashLoan
FNDA:1,FlashBorrower.onFlashLoan
DA:26,1
BRDA:26,0,0,-
BRDA:26,0,1,1
DA:27,1
BRDA:27,1,0,-
BRDA:27,1,1,1
DA:28,1
DA:29,1
FNF:2
FNH:2
LF:6
LH:6
BRF:4
BRH:2
end_of_record
TN:
SF:test/WrapperTokenExtra.sol
DA:16,2
FN:16,FlashBorrower.constructor
FNDA:2,FlashBorrower.constructor
DA:18,2
FN:18,FlashBorrower.onFlashLoan
FNDA:2,FlashBorrower.onFlashLoan
DA:25,2
BRDA:25,0,0,-
BRDA:25,0,1,2
DA:26,2
BRDA:26,1,0,-
BRDA:26,1,1,2
DA:27,2
DA:28,2
FNF:2
FNH:2
LF:6
LH:6
BRF:4
BRH:2
end_of_record
TN:
SF:test/mocks/MockZRC20.sol
DA:15,0
FN:15,MockZRC20.constructor
FNDA:0,MockZRC20.constructor
DA:16,0
DA:17,0
DA:20,0
FN:20,MockZRC20.mint
FNDA:0,MockZRC20.mint
DA:21,0
DA:22,0
DA:23,0
DA:26,0
FN:26,MockZRC20.transfer
FNDA:0,MockZRC20.transfer
DA:27,0
DA:28,0
DA:31,0
FN:31,MockZRC20.transferFrom
FNDA:0,MockZRC20.transferFrom
DA:36,0
DA:37,0
BRDA:37,0,0,-
BRDA:37,0,1,-
DA:38,0
DA:39,0
DA:40,0
DA:43,0
FN:43,MockZRC20.approve
FNDA:0,MockZRC20.approve
DA:44,0
DA:45,0
DA:46,0
DA:49,0
FN:49,MockZRC20._move
FNDA:0,MockZRC20._move
DA:50,0
BRDA:50,1,0,-
BRDA:50,1,1,-
DA:52,0
DA:53,0
DA:55,0
DA:58,0
FN:58,MockZRC20.transferBatch
FNDA:0,MockZRC20.transferBatch
DA:63,0
FN:63,MockZRC20.transferFromBatch
FNDA:0,MockZRC20.transferFromBatch
FNF:8
FNH:0
LF:27
LH:0
BRF:4
BRH:0
end_of_record
